SON55503
BLUER118
CAWS8713
NOHOW272
RIVEL319
SLAMS121
CHOPS464
MALIS730
THRU6804
JANTY197
TOKAY189
DINED343
RIVED538
ANSAE143
STEEK145
REEDE972
DAUNT784
LAUD0054
CHURL837
GIZZ7930
SOUT7762
SHENT292
LITED832
RAY69896
CAP16
OSES7819
STAGE134
VESPA556
HARLS420
LIARD218
KYDST232
HORS0920
POUND099
1492
SCUSE647
TEHR7032
HIZZ7918
HAKU3818
OUTER492
JUNKY399
69
488
CAKE0571
WOOSH948
ADDME2
CURBS896
STED7225
LHAKI880
TOKAY867
MORA6561
A1
T1
VENTS481
B54
3003
BAMS0915
RIPP2314
RYAS4977
ATLA
CUFFS
FATBALLS
VERBS941
OVUM1569
GREBE397
DROPT339
CARNAGE
DOVER891
PEAG8646
DEWS5095
GED13319
SHIMS214
BED10724
GLINT221
HOGHS248
CORS5980
SEALEDCASE
DAUNT299
ADDED650
TOMB9128
HALFA120
HOXES760
TOP24721
OKEH6678
NYALA126
MALIS723
DECAL594
YORP6148
NANAS569
HAZARDMASTER
TICHY352
NOB87949
DOWED110
JARKS852
BONUS126
WEEP1166
CLAW3493
GOAT7036
ELITESAINTZ
SPIAL171
KIRKS642
G66
HARDCORE
CLOWNS
HILA2222
PHUTS419
BLOB6980
EGGER954
SPICS541
ARTI8153
T97
MAMEY837
ELFED933
ROB
OPM
DAD
DAVE
BLACK
LAW773
TEED2421
BULLYMAN
PHI62733
RUMPY731
NOBLE332
PURED682
ELEGY091
AYRE0544
DINGO259
IGGED848
MANEH618
BODE7735
BILGY086
ODDSOX
HAZER173
PUREE062
DABS5325
AWK
UHAMN
DEN1
JUGUM048
RUDY827
YELMS052
GAMMA983
TRONE552
RUSKS306
SPEWY119
SABRE847
FENTS417
PIVOT127
SONNE715
WANDS912
RAKE7894
LIMN6204
WHOA6070
SHH40022
ABAFT077
BLITE616
RUMPY733
WHIO3051
KAMI3413
TAPED282
TUCKS810
N4
420420420
PIERS660
CUSP3851
GIST1583
KASHA675
BRENS
SCOOP
GIS
MOPAR
LOGG
RVD
786
PIVOT
FKU
LBV
EGG
PRAY
TRON1548
CHIPS23
YINCE346
EME77876
KWAJ
AMBIT075
SMUG2943
MAYA4464
KILTY005
DARKSOUL
PRISS310
STOFFEL73
SOOTY720
POILU040
CYMAR264
CLINT099
PARTI912
CLEWS965
ROOSE399
SWARE784
HARED816

AROW8528
BOXEN472
HOVEN252
LIRA4882
998
999
COUGARTOY22
SOIL4162
BEL73760
NUKE
AMIS6139
DEFER541
DONALD
KAURI264
OCELOT
COMES538
SUBB
PLOTZ869
BACCA840
GLUED294
CANES612
02
01
00
P3
P2
MWM
LEG
JER
LEERY158
CRUD6656
PHIT
FOXES475
FOEN8645
TIER7351
GLIMS237
MOME4373
SYPE5427
CIMAR618
VALLEY
NEFS3576
DEBBY775
LOUPS057
QUAI1581
GALS2136
LUFFA005
NESS9705
HEDGY403
POOLS539
COLDPLAY
HENDS013
TSK29056
TARES305
TIDDY496
TRUGS387
WINEY828
BARKY111
CORKY544
BANNER
HOTROD
MILF
BRINY871
MOB
F1NN
ZYZZ
DROPPED339
HAM
RED1
WHITE1
BLUE1
OOSY4164
MUNTS090
2211
RIZ14
1544
GONER389
MACAS
REEL7215
HEADY580
FLAKK
SAHARA
TIPS1203
GROMA820
HEILS472
APTER637
LYCEE154
COMM9454
DIVINITY
SYREN003
VIOLS205
LEIR
NORKS234
SUET8111
MYTHY120
BYRL9765
STONG963
MULES161
TARDIS
TEME7569
FARER647
