.$
YELKS064
XYYX
WAS80286
TAPE8761
SOT68601
POLIS705
ZARIS287
TABOO345
DEADPOOL
E720
CISCO314
PECAN358
VIVO4640
MKS
CLIPE455
WIGS6583
DRAI
JEANS602
NCW
PAPPI082
CHOSE839
NARRE365
VISOR037
G937
-543-137
-491-596
-566-204
-447-251
-416-827
-547-248
-085-271
372-542-
-372-542
-589-613
GIMLI
STAZ
MARTS364
WGM
POMPOM
UPP
ULNA2928
JEERS224
SEEU
MAGUS086
E136
GROUCHO
930KZFOO
BOKBOKBOK
E163
RAINDOG
SALES818
E70
TUFT880
LUBE
HAMMER
LEMED228
KEEP8419
GEOFF_SLUGGS
DRAP4327
AROID135
MENT7478
-051-961
-763-568
-052-282
-738-781
-328-076
622-225
-184-832
-127-759
-725-455
-623-666
-648-521
-004-354
-984-932
-759-977
-865-872
-272-294
-360-095
-201-410
-817-173 -08
-385-649
APSES294
-668-712
-817-173
SHILL165
SNIGS600
DECOY721
SERVE487
WEX
TOILE561
CIGAR675
-481-275
-465-049
-473-238
-492-012
GRAMS843
KERF0316
E1055
INLAW175
FUMBUM
DUSK
OYES6569
ARGIL200
BEMIX411
EXPORT
GULA4598
POOR5906
WIELS524
HAO72366
YUTZ5741
SEG07496
MUTER695
JURAT312
OGBLOOD
WOT94974
FOXY2
SPIK7830
URDEE643
DRERE700
SISS9157
HEMAN
CHARMS
IGLOO
ZKP
NONES461
HALLOWEEN
HUNKS262
TOKAY627
DRERE770
PEED0249
HUIAS632
FLARE076
WHISS170
DETOX800
FRF
REM13
YOBE
TMAZE
T41
ANOLE824
FEAST544
KRAZYEYES
AMICI779
MICRO611
LOSS1862
HUCKS864
FENS8786
Z500
ANCHO244
LISTS286
COYLY980
CITE3804
CRWTH314
LYMPH438
SORTS125
WAGE0732
TANTI648
MOB14
LISK7701
GENTS220
SIZED416
MANUS623
TINYP
COZE4904
TRYER148
GEA
FARAD524F
LOMAS380
DEWW
COMEDY
NEDDY636
APO
EDIT297
TRYER128
YMPE5395
MONTE098
COTTA755
VERTU311
SWAG4388
GODET803
BATON269
PILUS681
E567
E879
AB12
IRYD
SLEEK307
MW
ELBOW933
RANA2553
A200
A30
E457
E87
HOMES168
E263
E584
E7583
0357
E789
E538
SABED566
SLAYA3
MIZZ0160
MEOW8070
SHAN4864
HFG
AHAHA
SAID
JEB
KEBAR257
NOSER054
VOLVA850
JOUR9818
LEAT7547
CEES1678
CYCLE651
CANOLI
DUKK
JUNK
KUNK
ILZ
MAX11083
FOGLE658
BIGG6286
FRASS397
PRONG359
TEMPT435
SHOON200
REIKS751
WOOED806
DAGOS872
KAWED701
COGON068
LED53518
SIZES148
TULIP909
POLAR
MAIK6890
NINON327
COYOTES
EVILPENGUIN
TIINMAN
INK-DOLL
RICARDO
CADDY524
SALOP593
HOOD9092
ALBAS822
SHIRT316
CARTEL001
KNURR339
OAK$
RAVIN413
BARCH
DIRGE
KEAS7081
CUTEY743
MOM53486
FARAD524
#OUDK
HARDS458
PRAHU899
CAIDS951
LOOF5058
CHIN0114
MEES7908
POYNT581
NEAPS299
EAVES925
MOORY231
SOUCE695
MUCH505
CLEW7793
CRASH588
NOHOW312
KINK7013
LARCH586
HERSE392
KININ447
INFECTION
RIFTE377
SULFO569
PIKED314
DEVOT240
RIBBY886
AMLA5522
ERMINE
CHOKO535
LITAI475
ABUTS578
KAYLE688
MASH3960
DONAH310
BILL2
SERS9465
UJJ
E6666
LEIRS543
SPREE
ETUDE374
DELL4587
MUDIR571
BAYLE942
BOB62205
DRUSE808
SKEN2054
LOFT5676
PALEA086
HAMAL789
HUNT57
KTL
CC51
SCRAB757
RAMMY708
CZAR2326
NEWER456
MOGUL764
XDEV
FOEHN925
MACER355
REEL1876
BUIKS576
GAUDY498
EXPO1435
BLADE499
NOISY
INTRO165
FREE4633
ZEBUS790
ARVO7817
GUSLE100
PEBA9653
BAILS217
SORUS230
SUNN8488
BANANA
MM40
MIDNYTE
RAMEE516
SCANLAN0001
PLIMS295
ALL10403
MINGS343
SERRS183
SKOSH991
SCHEMO
CHAST175
DONA7861
CRUD
SOFT2488
MOZOS117
VELLS864
SIXSHOT
DRIIZZY
MEECHY
HANDS503
WGO
NOZL
FATWA025
PRISM576
WHIG1985
DEUCE
YUTZ7921
UNBAR346
PATAS924
SUPERHOT
URGE2239
GAMIN343
WAGED095
CHAOS33
CAULD604
CURF9968
PALLS551
ENNUI948
STORM072
TINMAN
RIBA0786
DONNA884
CORD1606
LUG75393
EUROS374
DAWEN258
BUR83684
TOCOS757
HOOKS649
PLUG9592
GRUNDY
ROBLOX
PUNA6357
PLASM392
CLOCK163
BASTE784
COFF
LUDOS042
WADTS655
COSES333
MURRY506
GOMOB
