BAIRN301
PECS4616
ABOE
GUNK3330
YAPP6605
GAIN
.357
TICKLES
COOTS674
VALES679
ABW
PTR
VEEP0049
TEC1
FETS4565
ANCON126
REEPR
GNAR2279
KHATS982
GRIOT962
SUET1166
DITTS572
EBONY
EMYD1463
ARISH135
CHI10898
8I
TUNAS585
NORK1559
AGAVE029
COMM4808
YELMS096
WUBZZ
ROM
Q14
BOAKS455
GRUM6988
GRECE203
NUFF5015
ROM3
DECYFER
BOOSH
STEROIDS
ADDMYMOBBOB
AFFIX837
LIMES996
ALDEA722
CODE5
BRIGS325
MONY9606
SPACK
SAPS
LILRIPR
SHAKT618
SILKY643
LATER291
PHEER912
DONCANDY
BLAIN465
MADID228
KNOT7182
COOPS818
CHOOF237
KEEKS531
INVADER
BUSES
FOUNT223
REALMVP
PICKS825
DORR8787
OCTAD176
TERCE987
LUCKYHERO
MUNKY
VIGIL274
BOYOS260
AUREI304
LEPS7399
GEEPS958
MAIN3533
COED4132
NATEDOG
NEIGH205
SHOOT740
WISP9650
TOGE4659
IMM
CALOS976
BLACKMETAL
GIY984
E710
BARS8286
KIBBE072
TIS79628
CLOZE911
PRISTAPPS
DS1
L3X
ALEXANDRA
SIDER581
